  laba3_POSIX.cpp
C:\Users\RSOTMBOBIK\Desktop\study\3_2\Parallel_Prog\laba3_POSIX\laba3_POSIX\laba3_POSIX.cpp(22,12): warning C4267: инициализация: преобразование из "size_t" в "long"; возможна потеря данных
C:\Users\RSOTMBOBIK\Desktop\study\3_2\Parallel_Prog\laba3_POSIX\laba3_POSIX\laba3_POSIX.cpp(64,12): warning C4267: инициализация: преобразование из "size_t" в "long"; возможна потеря данных
C:\Users\RSOTMBOBIK\Desktop\study\3_2\Parallel_Prog\laba3_POSIX\laba3_POSIX\laba3_POSIX.cpp(92,12): warning C4267: инициализация: преобразование из "size_t" в "long"; возможна потеря данных
C:\Users\RSOTMBOBIK\Desktop\study\3_2\Parallel_Prog\laba3_POSIX\laba3_POSIX\laba3_POSIX.cpp(137,26): warning C4244: =: преобразование "double" в "_Ty", возможна потеря данных
C:\Users\RSOTMBOBIK\Desktop\study\3_2\Parallel_Prog\laba3_POSIX\laba3_POSIX\laba3_POSIX.cpp(137,26): warning C4244:         with
C:\Users\RSOTMBOBIK\Desktop\study\3_2\Parallel_Prog\laba3_POSIX\laba3_POSIX\laba3_POSIX.cpp(137,26): warning C4244:         [
C:\Users\RSOTMBOBIK\Desktop\study\3_2\Parallel_Prog\laba3_POSIX\laba3_POSIX\laba3_POSIX.cpp(137,26): warning C4244:             _Ty=long
C:\Users\RSOTMBOBIK\Desktop\study\3_2\Parallel_Prog\laba3_POSIX\laba3_POSIX\laba3_POSIX.cpp(137,26): warning C4244:         ]
C:\Users\RSOTMBOBIK\Desktop\study\3_2\Parallel_Prog\laba3_POSIX\laba3_POSIX\laba3_POSIX.cpp(144,12): warning C4267: инициализация: преобразование из "size_t" в "long"; возможна потеря данных
C:\Users\RSOTMBOBIK\Desktop\study\3_2\Parallel_Prog\laba3_POSIX\laba3_POSIX\laba3_POSIX.cpp(203,30): warning C4244: =: преобразование "double" в "_Ty", возможна потеря данных
C:\Users\RSOTMBOBIK\Desktop\study\3_2\Parallel_Prog\laba3_POSIX\laba3_POSIX\laba3_POSIX.cpp(203,30): warning C4244:         with
C:\Users\RSOTMBOBIK\Desktop\study\3_2\Parallel_Prog\laba3_POSIX\laba3_POSIX\laba3_POSIX.cpp(203,30): warning C4244:         [
C:\Users\RSOTMBOBIK\Desktop\study\3_2\Parallel_Prog\laba3_POSIX\laba3_POSIX\laba3_POSIX.cpp(203,30): warning C4244:             _Ty=long
C:\Users\RSOTMBOBIK\Desktop\study\3_2\Parallel_Prog\laba3_POSIX\laba3_POSIX\laba3_POSIX.cpp(203,30): warning C4244:         ]
C:\Users\RSOTMBOBIK\Desktop\study\3_2\Parallel_Prog\laba3_POSIX\laba3_POSIX\laba3_POSIX.cpp(212,12): warning C4267: инициализация: преобразование из "size_t" в "long"; возможна потеря данных
C:\Users\RSOTMBOBIK\Desktop\study\3_2\Parallel_Prog\laba3_POSIX\laba3_POSIX\laba3_POSIX.cpp(238,26): warning C4244: =: преобразование "double" в "_Ty", возможна потеря данных
C:\Users\RSOTMBOBIK\Desktop\study\3_2\Parallel_Prog\laba3_POSIX\laba3_POSIX\laba3_POSIX.cpp(238,26): warning C4244:         with
C:\Users\RSOTMBOBIK\Desktop\study\3_2\Parallel_Prog\laba3_POSIX\laba3_POSIX\laba3_POSIX.cpp(238,26): warning C4244:         [
C:\Users\RSOTMBOBIK\Desktop\study\3_2\Parallel_Prog\laba3_POSIX\laba3_POSIX\laba3_POSIX.cpp(238,26): warning C4244:             _Ty=long
C:\Users\RSOTMBOBIK\Desktop\study\3_2\Parallel_Prog\laba3_POSIX\laba3_POSIX\laba3_POSIX.cpp(238,26): warning C4244:         ]
C:\Users\RSOTMBOBIK\Desktop\study\3_2\Parallel_Prog\laba3_POSIX\laba3_POSIX\laba3_POSIX.cpp(289,25): warning C4244: инициализация: преобразование "double" в "long", возможна потеря данных
C:\Users\RSOTMBOBIK\Desktop\study\3_2\Parallel_Prog\laba3_POSIX\laba3_POSIX\laba3_POSIX.cpp(289,20): warning C4244: инициализация: преобразование "double" в "const long", возможна потеря данных
  Создание кода
  3 of 245 functions ( 1.2%) were compiled, the rest were copied from previous compilation.
    0 functions were new in current compilation
    0 functions had inline decision re-evaluated but remain unchanged
  Создание кода завершено
  laba3_POSIX.vcxproj -> C:\Users\RSOTMBOBIK\Desktop\study\3_2\Parallel_Prog\laba3_POSIX\x64\Release\laba3_POSIX.exe
