  lab2.cpp
C:\Users\gbikm\OneDrive\Рабочий стол\study\3_2 курс\Parallel_Prog\laba2\lab2\lab2\lab2.cpp(20,12): warning C4267: инициализация: преобразование из "size_t" в "long"; возможна потеря данных
C:\Users\gbikm\OneDrive\Рабочий стол\study\3_2 курс\Parallel_Prog\laba2\lab2\lab2\lab2.cpp(61,12): warning C4267: инициализация: преобразование из "size_t" в "long"; возможна потеря данных
C:\Users\gbikm\OneDrive\Рабочий стол\study\3_2 курс\Parallel_Prog\laba2\lab2\lab2\lab2.cpp(101,12): warning C4267: инициализация: преобразование из "size_t" в "long"; возможна потеря данных
C:\Users\gbikm\OneDrive\Рабочий стол\study\3_2 курс\Parallel_Prog\laba2\lab2\lab2\lab2.cpp(116,12): warning C4267: инициализация: преобразование из "size_t" в "long"; возможна потеря данных
C:\Users\gbikm\OneDrive\Рабочий стол\study\3_2 курс\Parallel_Prog\laba2\lab2\lab2\lab2.cpp(131,12): warning C4267: инициализация: преобразование из "size_t" в "long"; возможна потеря данных
C:\Users\gbikm\OneDrive\Рабочий стол\study\3_2 курс\Parallel_Prog\laba2\lab2\lab2\lab2.cpp(190,30): warning C4244: =: преобразование "double" в "_Ty", возможна потеря данных
C:\Users\gbikm\OneDrive\Рабочий стол\study\3_2 курс\Parallel_Prog\laba2\lab2\lab2\lab2.cpp(190,30): warning C4244:         with
C:\Users\gbikm\OneDrive\Рабочий стол\study\3_2 курс\Parallel_Prog\laba2\lab2\lab2\lab2.cpp(190,30): warning C4244:         [
C:\Users\gbikm\OneDrive\Рабочий стол\study\3_2 курс\Parallel_Prog\laba2\lab2\lab2\lab2.cpp(190,30): warning C4244:             _Ty=long
C:\Users\gbikm\OneDrive\Рабочий стол\study\3_2 курс\Parallel_Prog\laba2\lab2\lab2\lab2.cpp(190,30): warning C4244:         ]
C:\Users\gbikm\OneDrive\Рабочий стол\study\3_2 курс\Parallel_Prog\laba2\lab2\lab2\lab2.cpp(199,12): warning C4267: инициализация: преобразование из "size_t" в "long"; возможна потеря данных
C:\Users\gbikm\OneDrive\Рабочий стол\study\3_2 курс\Parallel_Prog\laba2\lab2\lab2\lab2.cpp(225,26): warning C4244: =: преобразование "double" в "_Ty", возможна потеря данных
C:\Users\gbikm\OneDrive\Рабочий стол\study\3_2 курс\Parallel_Prog\laba2\lab2\lab2\lab2.cpp(225,26): warning C4244:         with
C:\Users\gbikm\OneDrive\Рабочий стол\study\3_2 курс\Parallel_Prog\laba2\lab2\lab2\lab2.cpp(225,26): warning C4244:         [
C:\Users\gbikm\OneDrive\Рабочий стол\study\3_2 курс\Parallel_Prog\laba2\lab2\lab2\lab2.cpp(225,26): warning C4244:             _Ty=long
C:\Users\gbikm\OneDrive\Рабочий стол\study\3_2 курс\Parallel_Prog\laba2\lab2\lab2\lab2.cpp(225,26): warning C4244:         ]
C:\Users\gbikm\OneDrive\Рабочий стол\study\3_2 курс\Parallel_Prog\laba2\lab2\lab2\lab2.cpp(276,25): warning C4244: инициализация: преобразование "double" в "long", возможна потеря данных
C:\Users\gbikm\OneDrive\Рабочий стол\study\3_2 курс\Parallel_Prog\laba2\lab2\lab2\lab2.cpp(276,20): warning C4244: инициализация: преобразование "double" в "const long", возможна потеря данных
  Создание кода
  3 of 231 functions ( 1.3%) were compiled, the rest were copied from previous compilation.
    0 functions were new in current compilation
    0 functions had inline decision re-evaluated but remain unchanged
  Создание кода завершено
  lab2.vcxproj -> C:\Users\gbikm\OneDrive\Рабочий стол\study\3_2 курс\Parallel_Prog\laba2\lab2\x64\Release\lab2.exe
