c:\users\rsotmbobik\desktop\study\3_2\parallel_prog\laba1\consoleapplication1\consoleapplication1\x64\debug\vc143.pdb
c:\users\rsotmbobik\desktop\study\3_2\parallel_prog\laba1\consoleapplication1\consoleapplication1\x64\debug\vc143.idb
c:\users\rsotmbobik\desktop\study\3_2\parallel_prog\laba1\consoleapplication1\consoleapplication1\x64\debug\consoleapplication1.obj
c:\users\rsotmbobik\desktop\study\3_2\parallel_prog\laba1\consoleapplication1\x64\debug\consoleapplication1.exe
c:\users\rsotmbobik\desktop\study\3_2\parallel_prog\laba1\consoleapplication1\x64\debug\consoleapplication1.pdb
c:\users\rsotmbobik\desktop\study\3_2\parallel_prog\laba1\consoleapplication1\consoleapplication1\x64\debug\consoleapplication1.ilk
c:\users\gbikm\onedrive\рабочий стол\study\3_2 курс\parallel_prog\laba1\consoleapplication1\consoleapplication1\x64\debug\consoleapplication1.obj
c:\users\gbikm\onedrive\рабочий стол\study\3_2 курс\parallel_prog\laba1\consoleapplication1\consoleapplication1\x64\debug\consoleapplication1.obj.enc
c:\users\gbikm\onedrive\рабочий стол\study\3_2 курс\parallel_prog\laba1\consoleapplication1\consoleapplication1\x64\debug\consoleapplication1.ilk
c:\users\gbikm\onedrive\рабочий стол\study\3_2 курс\parallel_prog\laba1\consoleapplication1\consoleapplication1\x64\debug\vc143.idb
c:\users\gbikm\onedrive\рабочий стол\study\3_2 курс\parallel_prog\laba1\consoleapplication1\consoleapplication1\x64\debug\vc143.pdb
c:\users\gbikm\onedrive\рабочий стол\study\3_2 курс\parallel_prog\laba1\consoleapplication1\x64\debug\consoleapplication1.pdb
c:\users\gbikm\onedrive\рабочий стол\study\3_2 курс\parallel_prog\laba1\consoleapplication1\x64\debug\consoleapplication1.exe
c:\users\gbikm\onedrive\рабочий стол\study\3_2 курс\parallel_prog\laba1\consoleapplication1\consoleapplication1\x64\debug\consolea.e4b52c33.tlog\cl.command.1.tlog
c:\users\gbikm\onedrive\рабочий стол\study\3_2 курс\parallel_prog\laba1\consoleapplication1\consoleapplication1\x64\debug\consolea.e4b52c33.tlog\cl.items.tlog
c:\users\gbikm\onedrive\рабочий стол\study\3_2 курс\parallel_prog\laba1\consoleapplication1\consoleapplication1\x64\debug\consolea.e4b52c33.tlog\cl.read.1.tlog
c:\users\gbikm\onedrive\рабочий стол\study\3_2 курс\parallel_prog\laba1\consoleapplication1\consoleapplication1\x64\debug\consolea.e4b52c33.tlog\cl.write.1.tlog
c:\users\gbikm\onedrive\рабочий стол\study\3_2 курс\parallel_prog\laba1\consoleapplication1\consoleapplication1\x64\debug\consolea.e4b52c33.tlog\link.command.1.tlog
c:\users\gbikm\onedrive\рабочий стол\study\3_2 курс\parallel_prog\laba1\consoleapplication1\consoleapplication1\x64\debug\consolea.e4b52c33.tlog\link.read.1.tlog
c:\users\gbikm\onedrive\рабочий стол\study\3_2 курс\parallel_prog\laba1\consoleapplication1\consoleapplication1\x64\debug\consolea.e4b52c33.tlog\link.secondary.1.tlog
c:\users\gbikm\onedrive\рабочий стол\study\3_2 курс\parallel_prog\laba1\consoleapplication1\consoleapplication1\x64\debug\consolea.e4b52c33.tlog\link.write.1.tlog
